<?xml version="1.0" encoding="UTF-8"?>
<!-- Generated by org.testng.reporters.JUnitReportReporter -->
<testsuite hostname="AMAC02DTA6PML7H" failures="0" tests="1" name="appium_ios.Test1" time="73.622" errors="0" timestamp="2022-01-31T18:08:54 CET" skipped="0">
  <testcase classname="appium_ios.Test1" name="test22" time="73.622"/>
  <system-out/>
</testsuite> <!-- appium_ios.Test1 -->
