<?xml version="1.0" encoding="UTF-8"?>
<!-- Generated by org.testng.reporters.JUnitReportReporter -->
<testsuite skipped="0" hostname="AMAC02DTA6PML7H" name="appium_ios.Test1" tests="1" failures="0" timestamp="2022-02-02T10:02:03 CET" time="19.254" errors="0">
  <testcase name="test22" time="19.254" classname="appium_ios.Test1"/>
  <system-out/>
</testsuite> <!-- appium_ios.Test1 -->
